2024-11-09T16:02:37.484Z [info]: Formatted Content:
2024-11-09T16:05:24.041Z [info]: Raw Document Content:
2024-11-09T16:05:24.042Z [info]: Formatted Content:
2024-11-09T16:06:48.519Z [info]: Raw Document Content:
2024-11-09T16:06:48.523Z [info]: Formatted Content:
2024-11-09T16:09:28.606Z [info]: Raw Document Content:
2024-11-09T16:09:28.608Z [info]: Formatted Content:
2024-11-14T22:28:11.581Z [info]: Processing message in conversation: a5b7a8c0-a2d7-11ef-b84e-5b444291bff3|livechat
2024-11-14T22:28:11.587Z [info]: Incoming message: do we have an SOP on hodu?
2024-11-14T22:28:11.987Z [info]: Message processed: do we have an SOP on hodu?
2024-11-14T22:28:11.987Z [info]: Message history updated for conversation: a5b7a8c0-a2d7-11ef-b84e-5b444291bff3|livechat
2024-11-14T22:29:55.069Z [info]: Processing message in conversation: f309d170-a2d7-11ef-b84e-5b444291bff3|livechat
2024-11-14T22:29:55.072Z [info]: Incoming message: do we have an SOP on hodu?
2024-11-14T22:29:55.479Z [info]: Message processed: do we have an SOP on hodu?
2024-11-14T22:29:55.480Z [info]: Message history updated for conversation: f309d170-a2d7-11ef-b84e-5b444291bff3|livechat
2024-11-14T22:30:20.822Z [info]: Raw Document Content:
2024-11-14T22:30:20.827Z [info]: Formatted Content:
2024-11-14T23:14:12.713Z [info]: Processing message in conversation: 0fe91e30-a2de-11ef-b84e-5b444291bff3|livechat
2024-11-14T23:14:12.717Z [info]: Incoming message: do we have an SOP on hodu?
2024-11-14T23:14:13.104Z [info]: Message processed: do we have an SOP on hodu?
2024-11-14T23:14:13.105Z [info]: Message history updated for conversation: 0fe91e30-a2de-11ef-b84e-5b444291bff3|livechat
2024-11-14T23:14:17.703Z [info]: Raw Document Content:
2024-11-14T23:14:17.709Z [info]: Formatted Content:
2024-11-14T23:20:32.483Z [info]: Raw Document Content:
2024-11-14T23:20:32.491Z [info]: Formatted Content:
